<?xml version="1.0" encoding="UTF-8"?>
<testng-results skipped="0" failed="0" ignored="0" total="1" passed="1">
  <reporter-output>
  </reporter-output>
  <suite name="Suite" duration-ms="37" started-at="2018-06-07T09:09:11Z" finished-at="2018-06-07T09:09:11Z">
    <groups>
    </groups>
    <test name="Test" duration-ms="37" started-at="2018-06-07T09:09:11Z" finished-at="2018-06-07T09:09:11Z">
      <class name="com.deva.BBsot">
        <test-method status="PASS" signature="testEx()[pri:0, instance:com.deva.BBsot@17f6480]" name="testEx" duration-ms="13" started-at="2018-06-07T14:39:11Z" finished-at="2018-06-07T14:39:11Z">
          <reporter-output>
          </reporter-output>
        </test-method> <!-- testEx -->
      </class> <!-- com.deva.BBsot -->
    </test> <!-- Test -->
  </suite> <!-- Suite -->
</testng-results>
